-------------------------------------------------------------------------------
Test set: com.khalanirek.JDBSTests
-------------------------------------------------------------------------------
Tests run: 1, Failures: 1, Errors: 0, Skipped: 0, Time elapsed: 0.159 sec <<< FAILURE! - in com.khalanirek.JDBSTests
connectionToDataBaseTest  Time elapsed: 0.157 sec  <<< FAILURE!
org.opentest4j.AssertionFailedError: expected: <true> but was: <false>
	at com.khalanirek.JDBSTests.connectionToDataBaseTest(JDBSTests.java:19)

