<?xml version="1.0" encoding="UTF-8"?>
<testsuite xmlns:xsi="http://www.w3.org/2001/XMLSchema-instance" xsi:schemaLocation="https://maven.apache.org/surefire/maven-surefire-plugin/xsd/surefire-test-report.xsd" name="com.khalanirek.JDBSTests" time="0.197" tests="5" errors="0" skipped="0" failures="0">
  <properties>
[...]
</properties>
  <testcase name="writeStudentTest" classname="com.khalanirek.JDBSTests" time="0.003"/>
  <testcase name="connectionToDataBaseTest" classname="com.khalanirek.JDBSTests" time="0.164"/>
  <testcase name="writeGuardianTest" classname="com.khalanirek.JDBSTests" time="0"/>
  <testcase name="getGuardianTest" classname="com.khalanirek.JDBSTests" time="0"/>
  <testcase name="getStudentTest" classname="com.khalanirek.JDBSTests" time="0.028"/>
</testsuite>